[14:35:56] [Client thread/INFO]: Setting user: Player996
[14:35:59] [Client thread/INFO]: LWJGL Version: 2.9.1
[14:36:04] [Client thread/INFO]: Reloading ResourceManager: Default, FMLFileResourcePack:Forge Mod Loader, FMLFileResourcePack:Minecraft Forge, FMLFileResourcePack:Miscellaneous Mod
[14:36:04] [Sound Library Loader/INFO]: Starting up SoundSystem...
[14:36:04] [Thread-9/INFO]: Initializing LWJGL OpenAL
[14:36:04] [Thread-9/INFO]: (The LWJGL binding of OpenAL.  For more information, see http://www.lwjgl.org)
[14:36:04] [Thread-9/INFO]: OpenAL initialized.
[14:36:04] [Sound Library Loader/INFO]: Sound engine started
[14:36:06] [Client thread/INFO]: Created: 512x512 textures-atlas
[14:36:07] [Client thread/INFO]: Reloading ResourceManager: Default, FMLFileResourcePack:Forge Mod Loader, FMLFileResourcePack:Minecraft Forge, FMLFileResourcePack:Miscellaneous Mod
[14:36:07] [Client thread/INFO]: SoundSystem shutting down...
[14:36:07] [Client thread/WARN]: Author: Paul Lamb, www.paulscode.com
[14:36:07] [Sound Library Loader/INFO]: Starting up SoundSystem...
[14:36:08] [Thread-11/INFO]: Initializing LWJGL OpenAL
[14:36:08] [Thread-11/INFO]: (The LWJGL binding of OpenAL.  For more information, see http://www.lwjgl.org)
[14:36:08] [Thread-11/INFO]: OpenAL initialized.
[14:36:08] [Sound Library Loader/INFO]: Sound engine started
[14:36:09] [Client thread/INFO]: Created: 512x512 textures-atlas
[14:36:24] [Client thread/INFO]: Stopping!
[14:36:24] [Client thread/INFO]: SoundSystem shutting down...
[14:36:24] [Client thread/WARN]: Author: Paul Lamb, www.paulscode.com
